2015/04/02 10:55:23 [error] [exception.CHttpException.404] exception 'CHttpException' with message 'Unable to resolve the request "invitations/view".' in /var/www/techery/protected/lib/Yii/framework/web/CWebApplication.php:286
Stack trace:
#0 /var/www/techery/protected/lib/Yii/framework/web/CWebApplication.php(141): CWebApplication->runController('invitations/vie...')
#1 /var/www/techery/protected/lib/Yii/framework/base/CApplication.php(180): CWebApplication->processRequest()
#2 /var/www/techery/index.php(13): CApplication->run()
#3 {main}
REQUEST_URI=/invitations/1
---
2015/04/02 10:55:45 [error] [exception.CHttpException.404] exception 'CHttpException' with message 'The system is unable to find the requested action "view".' in /var/www/techery/protected/lib/Yii/framework/web/CController.php:483
Stack trace:
#0 /var/www/techery/protected/lib/Yii/framework/web/CController.php(270): CController->missingAction('view')
#1 /var/www/techery/protected/lib/Yii/framework/web/CWebApplication.php(282): CController->run('view')
#2 /var/www/techery/protected/lib/Yii/framework/web/CWebApplication.php(141): CWebApplication->runController('invitation/view')
#3 /var/www/techery/protected/lib/Yii/framework/base/CApplication.php(180): CWebApplication->processRequest()
#4 /var/www/techery/index.php(13): CApplication->run()
#5 {main}
REQUEST_URI=/invitation/1
---
2015/04/02 10:56:32 [error] [exception.CHttpException.404] exception 'CHttpException' with message 'The system is unable to find the requested action "view".' in /var/www/techery/protected/lib/Yii/framework/web/CController.php:483
Stack trace:
#0 /var/www/techery/protected/lib/Yii/framework/web/CController.php(270): CController->missingAction('view')
#1 /var/www/techery/protected/lib/Yii/framework/web/CWebApplication.php(282): CController->run('view')
#2 /var/www/techery/protected/lib/Yii/framework/web/CWebApplication.php(141): CWebApplication->runController('invitation/view')
#3 /var/www/techery/protected/lib/Yii/framework/base/CApplication.php(180): CWebApplication->processRequest()
#4 /var/www/techery/index.php(13): CApplication->run()
#5 {main}
REQUEST_URI=/invitation/1
---
2015/04/02 10:56:33 [error] [exception.CHttpException.404] exception 'CHttpException' with message 'The system is unable to find the requested action "view".' in /var/www/techery/protected/lib/Yii/framework/web/CController.php:483
Stack trace:
#0 /var/www/techery/protected/lib/Yii/framework/web/CController.php(270): CController->missingAction('view')
#1 /var/www/techery/protected/lib/Yii/framework/web/CWebApplication.php(282): CController->run('view')
#2 /var/www/techery/protected/lib/Yii/framework/web/CWebApplication.php(141): CWebApplication->runController('invitation/view')
#3 /var/www/techery/protected/lib/Yii/framework/base/CApplication.php(180): CWebApplication->processRequest()
#4 /var/www/techery/index.php(13): CApplication->run()
#5 {main}
REQUEST_URI=/invitation/1
---
2015/04/02 10:58:00 [error] [exception.CHttpException.404] exception 'CHttpException' with message 'The system is unable to find the requested action "index?id=1".' in /var/www/techery/protected/lib/Yii/framework/web/CController.php:483
Stack trace:
#0 /var/www/techery/protected/lib/Yii/framework/web/CController.php(270): CController->missingAction('index?id=1')
#1 /var/www/techery/protected/lib/Yii/framework/web/CWebApplication.php(282): CController->run('index?id=1')
#2 /var/www/techery/protected/lib/Yii/framework/web/CWebApplication.php(141): CWebApplication->runController('invitation/inde...')
#3 /var/www/techery/protected/lib/Yii/framework/base/CApplication.php(180): CWebApplication->processRequest()
#4 /var/www/techery/index.php(13): CApplication->run()
#5 {main}
REQUEST_URI=/invitation/1
---
2015/04/02 10:58:02 [error] [exception.CHttpException.404] exception 'CHttpException' with message 'The system is unable to find the requested action "index?id=1".' in /var/www/techery/protected/lib/Yii/framework/web/CController.php:483
Stack trace:
#0 /var/www/techery/protected/lib/Yii/framework/web/CController.php(270): CController->missingAction('index?id=1')
#1 /var/www/techery/protected/lib/Yii/framework/web/CWebApplication.php(282): CController->run('index?id=1')
#2 /var/www/techery/protected/lib/Yii/framework/web/CWebApplication.php(141): CWebApplication->runController('invitation/inde...')
#3 /var/www/techery/protected/lib/Yii/framework/base/CApplication.php(180): CWebApplication->processRequest()
#4 /var/www/techery/index.php(13): CApplication->run()
#5 {main}
REQUEST_URI=/invitation/1
---
2015/04/02 10:58:42 [error] [exception.CHttpException.404] exception 'CHttpException' with message 'The system is unable to find the requested action "index?id=1".' in /var/www/techery/protected/lib/Yii/framework/web/CController.php:483
Stack trace:
#0 /var/www/techery/protected/lib/Yii/framework/web/CController.php(270): CController->missingAction('index?id=1')
#1 /var/www/techery/protected/lib/Yii/framework/web/CWebApplication.php(282): CController->run('index?id=1')
#2 /var/www/techery/protected/lib/Yii/framework/web/CWebApplication.php(141): CWebApplication->runController('invitation/inde...')
#3 /var/www/techery/protected/lib/Yii/framework/base/CApplication.php(180): CWebApplication->processRequest()
#4 /var/www/techery/index.php(13): CApplication->run()
#5 {main}
REQUEST_URI=/invitation/1
---
2015/04/02 10:59:18 [error] [exception.CHttpException.404] exception 'CHttpException' with message 'The system is unable to find the requested action "view".' in /var/www/techery/protected/lib/Yii/framework/web/CController.php:483
Stack trace:
#0 /var/www/techery/protected/lib/Yii/framework/web/CController.php(270): CController->missingAction('view')
#1 /var/www/techery/protected/lib/Yii/framework/web/CWebApplication.php(282): CController->run('view')
#2 /var/www/techery/protected/lib/Yii/framework/web/CWebApplication.php(141): CWebApplication->runController('invitation/view')
#3 /var/www/techery/protected/lib/Yii/framework/base/CApplication.php(180): CWebApplication->processRequest()
#4 /var/www/techery/index.php(13): CApplication->run()
#5 {main}
REQUEST_URI=/invitation/1
---
2015/04/02 11:13:15 [error] [php] Trying to get property of non-object (/var/www/techery/protected/controllers/InvitationController.php:29)
Stack trace:
#0 /var/www/techery/protected/lib/Yii/framework/web/CController.php(286): InvitationController->runAction()
#1 /var/www/techery/protected/lib/Yii/framework/web/CController.php(265): InvitationController->runActionWithFilters()
#2 /var/www/techery/protected/lib/Yii/framework/web/CWebApplication.php(282): InvitationController->run()
#3 /var/www/techery/protected/lib/Yii/framework/web/CWebApplication.php(141): CWebApplication->runController()
#4 /var/www/techery/protected/lib/Yii/framework/base/CApplication.php(180): CWebApplication->processRequest()
#5 /var/www/techery/index.php(13): CWebApplication->run()
REQUEST_URI=/api1/invitation/1
in /var/www/techery/protected/controllers/InvitationController.php (29)
in /var/www/techery/index.php (13)
2015/04/02 11:14:10 [error] [php] Trying to get property of non-object (/var/www/techery/protected/controllers/InvitationController.php:29)
Stack trace:
#0 /var/www/techery/protected/lib/Yii/framework/web/CController.php(286): InvitationController->runAction()
#1 /var/www/techery/protected/lib/Yii/framework/web/CController.php(265): InvitationController->runActionWithFilters()
#2 /var/www/techery/protected/lib/Yii/framework/web/CWebApplication.php(282): InvitationController->run()
#3 /var/www/techery/protected/lib/Yii/framework/web/CWebApplication.php(141): CWebApplication->runController()
#4 /var/www/techery/protected/lib/Yii/framework/base/CApplication.php(180): CWebApplication->processRequest()
#5 /var/www/techery/index.php(13): CWebApplication->run()
REQUEST_URI=/api1/invitation/1
in /var/www/techery/protected/controllers/InvitationController.php (29)
in /var/www/techery/index.php (13)
2015/04/02 11:14:12 [error] [php] Trying to get property of non-object (/var/www/techery/protected/controllers/InvitationController.php:29)
Stack trace:
#0 /var/www/techery/protected/lib/Yii/framework/web/CController.php(286): InvitationController->runAction()
#1 /var/www/techery/protected/lib/Yii/framework/web/CController.php(265): InvitationController->runActionWithFilters()
#2 /var/www/techery/protected/lib/Yii/framework/web/CWebApplication.php(282): InvitationController->run()
#3 /var/www/techery/protected/lib/Yii/framework/web/CWebApplication.php(141): CWebApplication->runController()
#4 /var/www/techery/protected/lib/Yii/framework/base/CApplication.php(180): CWebApplication->processRequest()
#5 /var/www/techery/index.php(13): CWebApplication->run()
REQUEST_URI=/api1/invitation/1
in /var/www/techery/protected/controllers/InvitationController.php (29)
in /var/www/techery/index.php (13)
2015/04/02 11:16:31 [error] [php] Trying to get property of non-object (/var/www/techery/protected/controllers/InvitationController.php:29)
Stack trace:
#0 /var/www/techery/protected/lib/Yii/framework/web/CController.php(286): InvitationController->runAction()
#1 /var/www/techery/protected/lib/Yii/framework/web/CController.php(265): InvitationController->runActionWithFilters()
#2 /var/www/techery/protected/lib/Yii/framework/web/CWebApplication.php(282): InvitationController->run()
#3 /var/www/techery/protected/lib/Yii/framework/web/CWebApplication.php(141): CWebApplication->runController()
#4 /var/www/techery/protected/lib/Yii/framework/base/CApplication.php(180): CWebApplication->processRequest()
#5 /var/www/techery/index.php(13): CWebApplication->run()
REQUEST_URI=/api1/invitation/1
in /var/www/techery/protected/controllers/InvitationController.php (29)
in /var/www/techery/index.php (13)
2015/04/02 11:16:33 [error] [php] Trying to get property of non-object (/var/www/techery/protected/controllers/InvitationController.php:29)
Stack trace:
#0 /var/www/techery/protected/lib/Yii/framework/web/CController.php(286): InvitationController->runAction()
#1 /var/www/techery/protected/lib/Yii/framework/web/CController.php(265): InvitationController->runActionWithFilters()
#2 /var/www/techery/protected/lib/Yii/framework/web/CWebApplication.php(282): InvitationController->run()
#3 /var/www/techery/protected/lib/Yii/framework/web/CWebApplication.php(141): CWebApplication->runController()
#4 /var/www/techery/protected/lib/Yii/framework/base/CApplication.php(180): CWebApplication->processRequest()
#5 /var/www/techery/index.php(13): CWebApplication->run()
REQUEST_URI=/api1/invitation/1
in /var/www/techery/protected/controllers/InvitationController.php (29)
in /var/www/techery/index.php (13)
2015/04/02 11:43:08 [error] [exception.CHttpException.404] exception 'CHttpException' with message 'The system is unable to find the requested action "551c207e4ba4c999682a440e".' in /var/www/techery/protected/lib/Yii/framework/web/CController.php:483
Stack trace:
#0 /var/www/techery/protected/lib/Yii/framework/web/CController.php(270): CController->missingAction('551c207e4ba4c99...')
#1 /var/www/techery/protected/lib/Yii/framework/web/CWebApplication.php(282): CController->run('551c207e4ba4c99...')
#2 /var/www/techery/protected/lib/Yii/framework/web/CWebApplication.php(141): CWebApplication->runController('invitation/551c...')
#3 /var/www/techery/protected/lib/Yii/framework/base/CApplication.php(180): CWebApplication->processRequest()
#4 /var/www/techery/index.php(13): CApplication->run()
#5 {main}
REQUEST_URI=/api1/invitation/551c207e4ba4c999682a440e
---
2015/04/02 11:49:31 [error] [exception.CHttpException.404] exception 'CHttpException' with message 'Unable to resolve the request "api1/invitation/551c207e4ba4c999682a440e".' in /var/www/techery/protected/lib/Yii/framework/web/CWebApplication.php:286
Stack trace:
#0 /var/www/techery/protected/lib/Yii/framework/web/CWebApplication.php(141): CWebApplication->runController('api1/invitation...')
#1 /var/www/techery/protected/lib/Yii/framework/base/CApplication.php(180): CWebApplication->processRequest()
#2 /var/www/techery/index.php(13): CApplication->run()
#3 {main}
REQUEST_URI=/api1/invitation/551c207e4ba4c999682a440e
---
2015/04/02 11:58:49 [error] [exception.CHttpException.404] exception 'CHttpException' with message 'Unable to resolve the request "api1/invitation".' in /var/www/techery/protected/lib/Yii/framework/web/CWebApplication.php:286
Stack trace:
#0 /var/www/techery/protected/lib/Yii/framework/web/CWebApplication.php(141): CWebApplication->runController('api1/invitation')
#1 /var/www/techery/protected/lib/Yii/framework/base/CApplication.php(180): CWebApplication->processRequest()
#2 /var/www/techery/index.php(13): CApplication->run()
#3 {main}
REQUEST_URI=/api1/invitation?user_id551c207e4ba4c999682a440e
---
2015/04/02 12:01:10 [error] [exception.CHttpException.404] exception 'CHttpException' with message 'Unable to resolve the request "api1/invitation".' in /var/www/techery/protected/lib/Yii/framework/web/CWebApplication.php:286
Stack trace:
#0 /var/www/techery/protected/lib/Yii/framework/web/CWebApplication.php(141): CWebApplication->runController('api1/invitation')
#1 /var/www/techery/protected/lib/Yii/framework/base/CApplication.php(180): CWebApplication->processRequest()
#2 /var/www/techery/index.php(13): CApplication->run()
#3 {main}
REQUEST_URI=/api1/invitation?user_id551c207e4ba4c999682a440e
---
2015/04/02 13:24:53 [error] [php] Indirect modification of overloaded property User::$friends has no effect (/var/www/techery/protected/models/Friends.php:22)
Stack trace:
#0 /var/www/techery/protected/lib/Yii/framework/web/actions/CInlineAction.php(49): InvitationController->actionIndex()
#1 /var/www/techery/protected/lib/Yii/framework/web/CController.php(308): CInlineAction->runWithParams()
#2 /var/www/techery/protected/lib/Yii/framework/web/CController.php(286): InvitationController->runAction()
#3 /var/www/techery/protected/lib/Yii/framework/web/CController.php(265): InvitationController->runActionWithFilters()
#4 /var/www/techery/protected/lib/Yii/framework/web/CWebApplication.php(282): InvitationController->run()
#5 /var/www/techery/protected/lib/Yii/framework/web/CWebApplication.php(141): CWebApplication->runController()
#6 /var/www/techery/protected/lib/Yii/framework/base/CApplication.php(180): CWebApplication->processRequest()
#7 /var/www/techery/index.php(13): CWebApplication->run()
REQUEST_URI=/api1/invitation/551d18db43b34b173a8b4567
in /var/www/techery/protected/models/Friends.php (22)
in /var/www/techery/protected/models/Invitations.php (63)
in /var/www/techery/protected/controllers/InvitationController.php (27)
2015/04/02 13:28:32 [error] [php] Indirect modification of overloaded property User::$friends has no effect (/var/www/techery/protected/models/Friends.php:22)
Stack trace:
#0 /var/www/techery/protected/lib/Yii/framework/web/actions/CInlineAction.php(49): InvitationController->actionIndex()
#1 /var/www/techery/protected/lib/Yii/framework/web/CController.php(308): CInlineAction->runWithParams()
#2 /var/www/techery/protected/lib/Yii/framework/web/CController.php(286): InvitationController->runAction()
#3 /var/www/techery/protected/lib/Yii/framework/web/CController.php(265): InvitationController->runActionWithFilters()
#4 /var/www/techery/protected/lib/Yii/framework/web/CWebApplication.php(282): InvitationController->run()
#5 /var/www/techery/protected/lib/Yii/framework/web/CWebApplication.php(141): CWebApplication->runController()
#6 /var/www/techery/protected/lib/Yii/framework/base/CApplication.php(180): CWebApplication->processRequest()
#7 /var/www/techery/index.php(13): CWebApplication->run()
REQUEST_URI=/api1/invitation/551d19c343b34b143a8b4568
in /var/www/techery/protected/models/Friends.php (22)
in /var/www/techery/protected/models/Invitations.php (63)
in /var/www/techery/protected/controllers/InvitationController.php (27)
2015/04/02 14:28:28 [error] [exception.CHttpException.404] exception 'CHttpException' with message 'Unable to resolve the request "api1/friend/$subfriends".' in /var/www/techery/protected/lib/Yii/framework/web/CWebApplication.php:286
Stack trace:
#0 /var/www/techery/protected/lib/Yii/framework/web/CWebApplication.php(141): CWebApplication->runController('api1/friend/$su...')
#1 /var/www/techery/protected/lib/Yii/framework/base/CApplication.php(180): CWebApplication->processRequest()
#2 /var/www/techery/index.php(13): CApplication->run()
#3 {main}
REQUEST_URI=/api1/friend/$subfriends?user_id=551d1f114b128c796a099ffa
---
2015/04/02 14:41:55 [error] [exception.MongoCursorException] exception 'MongoCursorException' with message 'localhost:27017: $and/$or/$nor must be a nonempty array' in /var/www/techery/protected/extensions/MongoYii/EMongoCursor.php:271
Stack trace:
#0 /var/www/techery/protected/extensions/MongoYii/EMongoCursor.php(271): MongoCursor->rewind()
#1 /var/www/techery/protected/lib/Yii/framework/web/helpers/CJSON.php(257): EMongoCursor->rewind()
#2 /var/www/techery/protected/components/Controller.php(38): CJSON::encode(Object(EMongoCursor))
#3 /var/www/techery/protected/controllers/FriendController.php(32): Controller->sendResponse(200, Object(EMongoCursor))
#4 /var/www/techery/protected/lib/Yii/framework/web/actions/CInlineAction.php(49): FriendController->actionSubFriends()
#5 /var/www/techery/protected/lib/Yii/framework/web/CController.php(308): CInlineAction->runWithParams(Array)
#6 /var/www/techery/protected/lib/Yii/framework/web/CController.php(286): CController->runAction(Object(CInlineAction))
#7 /var/www/techery/protected/lib/Yii/framework/web/CController.php(265): CController->runActionWithFilters(Object(CInlineAction), Array)
#8 /var/www/techery/protected/lib/Yii/framework/web/CWebApplication.php(282): CController->run('subfriends')
#9 /var/www/techery/protected/lib/Yii/framework/web/CWebApplication.php(141): CWebApplication->runController('friend/subfrien...')
#10 /var/www/techery/protected/lib/Yii/framework/base/CApplication.php(180): CWebApplication->processRequest()
#11 /var/www/techery/index.php(13): CApplication->run()
#12 {main}
REQUEST_URI=/api1/friend/subfriends?user_id=551d1f114b128c796a099ffa
---
2015/04/02 14:48:41 [error] [php] Undefined property: MongoId::$id (/var/www/techery/protected/models/Friends.php:28)
Stack trace:
#0 /var/www/techery/protected/lib/Yii/framework/web/CController.php(308): CInlineAction->runWithParams()
#1 /var/www/techery/protected/lib/Yii/framework/web/CController.php(286): FriendController->runAction()
#2 /var/www/techery/protected/lib/Yii/framework/web/CController.php(265): FriendController->runActionWithFilters()
#3 /var/www/techery/protected/lib/Yii/framework/web/CWebApplication.php(282): FriendController->run()
#4 /var/www/techery/protected/lib/Yii/framework/web/CWebApplication.php(141): CWebApplication->runController()
#5 /var/www/techery/protected/lib/Yii/framework/base/CApplication.php(180): CWebApplication->processRequest()
#6 /var/www/techery/index.php(13): CWebApplication->run()
REQUEST_URI=/api1/friend/subfriends?user_id=551d1f114b128c796a099ffa
in /var/www/techery/protected/models/Friends.php (28)
in /var/www/techery/protected/controllers/FriendController.php (30)
in /var/www/techery/index.php (13)
2015/04/02 14:50:19 [error] [php] Undefined property: MongoId::$_id (/var/www/techery/protected/models/Friends.php:28)
Stack trace:
#0 /var/www/techery/protected/lib/Yii/framework/web/CController.php(308): CInlineAction->runWithParams()
#1 /var/www/techery/protected/lib/Yii/framework/web/CController.php(286): FriendController->runAction()
#2 /var/www/techery/protected/lib/Yii/framework/web/CController.php(265): FriendController->runActionWithFilters()
#3 /var/www/techery/protected/lib/Yii/framework/web/CWebApplication.php(282): FriendController->run()
#4 /var/www/techery/protected/lib/Yii/framework/web/CWebApplication.php(141): CWebApplication->runController()
#5 /var/www/techery/protected/lib/Yii/framework/base/CApplication.php(180): CWebApplication->processRequest()
#6 /var/www/techery/index.php(13): CWebApplication->run()
REQUEST_URI=/api1/friend/subfriends?user_id=551d1f114b128c796a099ffa
in /var/www/techery/protected/models/Friends.php (28)
in /var/www/techery/protected/controllers/FriendController.php (30)
in /var/www/techery/index.php (13)
2015/04/02 14:51:53 [error] [php] Undefined variable: uid (/var/www/techery/protected/models/Friends.php:26)
Stack trace:
#0 /var/www/techery/protected/lib/Yii/framework/web/CController.php(308): CInlineAction->runWithParams()
#1 /var/www/techery/protected/lib/Yii/framework/web/CController.php(286): FriendController->runAction()
#2 /var/www/techery/protected/lib/Yii/framework/web/CController.php(265): FriendController->runActionWithFilters()
#3 /var/www/techery/protected/lib/Yii/framework/web/CWebApplication.php(282): FriendController->run()
#4 /var/www/techery/protected/lib/Yii/framework/web/CWebApplication.php(141): CWebApplication->runController()
#5 /var/www/techery/protected/lib/Yii/framework/base/CApplication.php(180): CWebApplication->processRequest()
#6 /var/www/techery/index.php(13): CWebApplication->run()
REQUEST_URI=/api1/friend/subfriends?user_id=551d1f114b128c796a099ffa
in /var/www/techery/protected/models/Friends.php (26)
in /var/www/techery/protected/controllers/FriendController.php (30)
in /var/www/techery/index.php (13)
2015/04/02 14:54:22 [error] [php] Undefined property: MongoId::$id (/var/www/techery/protected/models/Friends.php:28)
Stack trace:
#0 /var/www/techery/protected/lib/Yii/framework/web/CController.php(308): CInlineAction->runWithParams()
#1 /var/www/techery/protected/lib/Yii/framework/web/CController.php(286): FriendController->runAction()
#2 /var/www/techery/protected/lib/Yii/framework/web/CController.php(265): FriendController->runActionWithFilters()
#3 /var/www/techery/protected/lib/Yii/framework/web/CWebApplication.php(282): FriendController->run()
#4 /var/www/techery/protected/lib/Yii/framework/web/CWebApplication.php(141): CWebApplication->runController()
#5 /var/www/techery/protected/lib/Yii/framework/base/CApplication.php(180): CWebApplication->processRequest()
#6 /var/www/techery/index.php(13): CWebApplication->run()
REQUEST_URI=/api1/friend/subfriends?user_id=551d1f184b128c796a099ffb
in /var/www/techery/protected/models/Friends.php (28)
in /var/www/techery/protected/controllers/FriendController.php (30)
in /var/www/techery/index.php (13)
2015/04/02 14:55:14 [error] [php] Undefined property: MongoId::$id (/var/www/techery/protected/models/Friends.php:28)
Stack trace:
#0 /var/www/techery/protected/lib/Yii/framework/web/CController.php(308): CInlineAction->runWithParams()
#1 /var/www/techery/protected/lib/Yii/framework/web/CController.php(286): FriendController->runAction()
#2 /var/www/techery/protected/lib/Yii/framework/web/CController.php(265): FriendController->runActionWithFilters()
#3 /var/www/techery/protected/lib/Yii/framework/web/CWebApplication.php(282): FriendController->run()
#4 /var/www/techery/protected/lib/Yii/framework/web/CWebApplication.php(141): CWebApplication->runController()
#5 /var/www/techery/protected/lib/Yii/framework/base/CApplication.php(180): CWebApplication->processRequest()
#6 /var/www/techery/index.php(13): CWebApplication->run()
REQUEST_URI=/api1/friend/subfriends?user_id=551d1f184b128c796a099ffb
in /var/www/techery/protected/models/Friends.php (28)
in /var/www/techery/protected/controllers/FriendController.php (30)
in /var/www/techery/index.php (13)
2015/04/02 14:55:45 [error] [php] Undefined property: MongoId::$_id (/var/www/techery/protected/models/Friends.php:28)
Stack trace:
#0 /var/www/techery/protected/lib/Yii/framework/web/CController.php(308): CInlineAction->runWithParams()
#1 /var/www/techery/protected/lib/Yii/framework/web/CController.php(286): FriendController->runAction()
#2 /var/www/techery/protected/lib/Yii/framework/web/CController.php(265): FriendController->runActionWithFilters()
#3 /var/www/techery/protected/lib/Yii/framework/web/CWebApplication.php(282): FriendController->run()
#4 /var/www/techery/protected/lib/Yii/framework/web/CWebApplication.php(141): CWebApplication->runController()
#5 /var/www/techery/protected/lib/Yii/framework/base/CApplication.php(180): CWebApplication->processRequest()
#6 /var/www/techery/index.php(13): CWebApplication->run()
REQUEST_URI=/api1/friend/subfriends?user_id=551d1f184b128c796a099ffb
in /var/www/techery/protected/models/Friends.php (28)
in /var/www/techery/protected/controllers/FriendController.php (30)
in /var/www/techery/index.php (13)
2015/04/02 14:55:56 [error] [php] Undefined property: MongoId::$id (/var/www/techery/protected/models/Friends.php:28)
Stack trace:
#0 /var/www/techery/protected/lib/Yii/framework/web/CController.php(308): CInlineAction->runWithParams()
#1 /var/www/techery/protected/lib/Yii/framework/web/CController.php(286): FriendController->runAction()
#2 /var/www/techery/protected/lib/Yii/framework/web/CController.php(265): FriendController->runActionWithFilters()
#3 /var/www/techery/protected/lib/Yii/framework/web/CWebApplication.php(282): FriendController->run()
#4 /var/www/techery/protected/lib/Yii/framework/web/CWebApplication.php(141): CWebApplication->runController()
#5 /var/www/techery/protected/lib/Yii/framework/base/CApplication.php(180): CWebApplication->processRequest()
#6 /var/www/techery/index.php(13): CWebApplication->run()
REQUEST_URI=/api1/friend/subfriends?user_id=551d1f184b128c796a099ffb
in /var/www/techery/protected/models/Friends.php (28)
in /var/www/techery/protected/controllers/FriendController.php (30)
in /var/www/techery/index.php (13)
